<?xml version="1.0" encoding="UTF-8"?>
<!-- Generated by org.testng.reporters.JUnitReportReporter -->
<testsuite hostname="USER-PC" name="org.test.DependenciesExpml" tests="3" failures="0" timestamp="27 Jan 2022 08:54:05 GMT" time="0.015" errors="0">
  <testcase name="highSecSchool" time="0.006" classname="org.test.DependenciesExpml"/>
  <testcase name="highSchool" time="0.008" classname="org.test.DependenciesExpml"/>
  <testcase name="enggCollege" time="0.001" classname="org.test.DependenciesExpml"/>
</testsuite> <!-- org.test.DependenciesExpml -->
