<?xml version="1.0" encoding="UTF-8"?>
<!-- Generated by org.testng.reporters.JUnitReportReporter -->
<testsuite hostname="USER-PC" name="org.test.ParallelTestClass" tests="1" failures="0" timestamp="3 Feb 2022 15:53:43 GMT" time="80.469" errors="0">
  <testcase name="tc" time="80.469" classname="org.test.ParallelTestClass"/>
</testsuite> <!-- org.test.ParallelTestClass -->
