<?xml version="1.0" encoding="UTF-8"?>
<!-- Generated by org.testng.reporters.JUnitReportReporter -->
<testsuite hostname="USER-PC" name="org.test.Grouping" tests="2" failures="0" timestamp="27 Jan 2022 14:43:54 GMT" time="0.029" errors="0">
  <testcase name="mi" time="0.027" classname="org.test.Grouping"/>
  <testcase name="mi1" time="0.002" classname="org.test.Grouping"/>
</testsuite> <!-- org.test.Grouping -->
