<?xml version="1.0" encoding="UTF-8"?>
<!-- Generated by org.testng.reporters.JUnitReportReporter -->
<testsuite hostname="USER-PC" name="org.test.DataProvider" tests="5" failures="0" timestamp="6 Feb 2022 15:49:25 GMT" time="35.883" errors="0">
  <testcase name="tc2" time="0.023" classname="org.test.DataProvider"/>
  <testcase name="tc1" time="0.053" classname="org.test.DataProvider"/>
  <testcase name="tc3" time="14.197" classname="org.test.DataProvider"/>
  <testcase name="tc3" time="12.727" classname="org.test.DataProvider"/>
  <testcase name="tc3" time="8.883" classname="org.test.DataProvider"/>
</testsuite> <!-- org.test.DataProvider -->
