<?xml version="1.0" encoding="UTF-8"?>
<!-- Generated by org.testng.reporters.JUnitReportReporter -->
<testsuite hostname="USER-PC" name="org.test.AssertExmpl" tests="3" failures="0" timestamp="6 Feb 2022 15:39:54 GMT" time="56.404" errors="0">
  <testcase name="tc2" time="0.108" classname="org.test.AssertExmpl"/>
  <testcase name="tc1" time="0.021" classname="org.test.AssertExmpl"/>
  <testcase name="tc3" time="56.275" classname="org.test.AssertExmpl"/>
</testsuite> <!-- org.test.AssertExmpl -->
