<?xml version="1.0" encoding="UTF-8"?>
<!-- Generated by org.testng.reporters.JUnitReportReporter -->
<testsuite hostname="USER-PC" name="org.test.SampleExmpl3" tests="2" failures="0" timestamp="28 Jan 2022 07:31:59 GMT" time="84.414" errors="0">
  <testcase name="tc1" time="42.205" classname="org.test.SampleExmpl3"/>
  <testcase name="tc3" time="42.209" classname="org.test.SampleExmpl3"/>
</testsuite> <!-- org.test.SampleExmpl3 -->
