<?xml version="1.0" encoding="UTF-8"?>
<!-- Generated by org.testng.reporters.JUnitReportReporter -->
<testsuite hostname="USER-PC" name="org.test.SampleExmpl2" tests="1" failures="0" timestamp="27 Jan 2022 08:54:05 GMT" time="33.053" errors="0">
  <testcase name="testCase1" time="33.053" classname="org.test.SampleExmpl2"/>
</testsuite> <!-- org.test.SampleExmpl2 -->
