<?xml version="1.0" encoding="UTF-8"?>
<!-- Generated by org.testng.reporters.JUnitReportReporter -->
<testsuite hostname="USER-PC" name="org.test.SampleTestng1" tests="4" failures="0" timestamp="27 Jan 2022 08:54:04 GMT" time="0.005" errors="0">
  <testcase name="putThirdGear" time="0.001" classname="org.test.SampleTestng1"/>
  <testcase name="startCar" time="0.002" classname="org.test.SampleTestng1"/>
  <testcase name="putFirstGear" time="0.001" classname="org.test.SampleTestng1"/>
  <testcase name="putSecondGear" time="0.001" classname="org.test.SampleTestng1"/>
</testsuite> <!-- org.test.SampleTestng1 -->
