<?xml version="1.0" encoding="UTF-8"?>
<!-- Generated by org.testng.reporters.JUnitReportReporter -->
<testsuite hostname="USER-PC" name="org.test.AnnotationsHierachial" tests="1" failures="0" timestamp="6 Feb 2022 16:25:40 GMT" time="0.059" errors="0">
  <testcase name="f" time="0.059" classname="org.test.AnnotationsHierachial"/>
</testsuite> <!-- org.test.AnnotationsHierachial -->
